Arguments: 
  /Users/shawzhou/.nvm/versions/node/v10.0.0/bin/node /usr/local/Cellar/yarn/1.6.0/libexec/bin/yarn.js -h

PATH: 
  /Users/shawzhou/.nvm/versions/node/v10.0.0/bin:/usr/local/bin:/usr/bin:/bin:/usr/sbin:/sbin

Yarn version: 
  1.6.0

Node version: 
  10.0.0

Platform: 
  darwin x64

Trace: 
  SyntaxError: /Users/shawzhou/Desktop/meili/npm-pkg/base-utils/package.json: Unexpected token } in JSON at position 440
      at JSON.parse (<anonymous>)
      at /usr/local/Cellar/yarn/1.6.0/libexec/lib/cli.js:1130:59
      at Generator.next (<anonymous>)
      at step (/usr/local/Cellar/yarn/1.6.0/libexec/lib/cli.js:98:30)
      at /usr/local/Cellar/yarn/1.6.0/libexec/lib/cli.js:109:13

npm manifest: 
  {
    "name": "npm-pkg-test2",
    "version": "1.0.0",
    "description": "",
    "main": "index.js",
    "scripts": {
      "test": "echo \"Error: no test specified\" && exit 1"
    },
    "author": "",
    "license": "ISC",
    "devDependencies": {
      "babel-preset-es2015": "^6.24.1",
      "gulp": "^3.9.1",
      "gulp-babel": "^7.0.1",
      "gulp-changed": "^3.2.0",
      "gulp-sourcemaps": "^2.6.4",
      "gulp-uglify": "^3.0.0",
      "gulp-util": "^3.0.8",
    }
  }

yarn manifest: 
  No manifest

Lockfile: 
  No lockfile
